[debug] [2021-07-23T17:48:01.599Z] ----------------------------------------------------------------------
[debug] [2021-07-23T17:48:01.606Z] Command:       C:\Program Files\nodejs\node.exe C:\Users\lulu_\AppData\Roaming\npm\node_modules\firebase-tools\lib\bin\firebase.js init
[debug] [2021-07-23T17:48:01.608Z] CLI Version:   9.16.0
[debug] [2021-07-23T17:48:01.608Z] Platform:      win32
[debug] [2021-07-23T17:48:01.609Z] Node Version:  v14.17.3
[debug] [2021-07-23T17:48:01.633Z] Time:          Fri Jul 23 2021 12:48:01 GMT-0500 (hora de verano central)
[debug] [2021-07-23T17:48:01.635Z] ----------------------------------------------------------------------
[debug] 
[debug] [2021-07-23T17:48:02.569Z] > command requires scopes: ["email","openid","https://www.googleapis.com/auth/cloudplatformprojects.readonly","https://www.googleapis.com/auth/firebase","https://www.googleapis.com/auth/cloud-platform"]
[debug] [2021-07-23T17:48:02.570Z] > authorizing via signed-in user (patinomartinezbrandon@gmail.com)
[info] 
     ######## #### ########  ######## ########     ###     ######  ########
     ##        ##  ##     ## ##       ##     ##  ##   ##  ##       ##
     ######    ##  ########  ######   ########  #########  ######  ######
     ##        ##  ##    ##  ##       ##     ## ##     ##       ## ##
     ##       #### ##     ## ######## ########  ##     ##  ######  ########

You're about to initialize a Firebase project in this directory:

  C:\Users\lulu_

Before we get started, keep in mind:

  * You are initializing within an existing Firebase project directory

